<?xml version="1.0" encoding="UTF-8"?>
<testsuites>
  <testsuite name="fastlane.lanes">
    
    
    
      
      <testcase classname="fastlane.lanes" name="0: default_platform" time="0.000235">
        
      </testcase>
    
      
      <testcase classname="fastlane.lanes" name="1: pod_lib_lint" time="13.712275">
        
          <failure message="/Users/filippo/.rbenv/versions/3.2.2/lib/ruby/gems/3.2.0/gems/fastlane-2.216.0/fastlane/lib/fastlane/actions/actions_helper.rb:67:in `execute_action&apos;&#10;/Users/filippo/.rbenv/versions/3.2.2/lib/ruby/gems/3.2.0/gems/fastlane-2.216.0/fastlane/lib/fastlane/runner.rb:255:in `block in execute_action&apos;&#10;/Users/filippo/.rbenv/versions/3.2.2/lib/ruby/gems/3.2.0/gems/fastlane-2.216.0/fastlane/lib/fastlane/runner.rb:229:in `chdir&apos;&#10;/Users/filippo/.rbenv/versions/3.2.2/lib/ruby/gems/3.2.0/gems/fastlane-2.216.0/fastlane/lib/fastlane/runner.rb:229:in `execute_action&apos;&#10;/Users/filippo/.rbenv/versions/3.2.2/lib/ruby/gems/3.2.0/gems/fastlane-2.216.0/fastlane/lib/fastlane/runner.rb:157:in `trigger_action_by_name&apos;&#10;/Users/filippo/.rbenv/versions/3.2.2/lib/ruby/gems/3.2.0/gems/fastlane-2.216.0/fastlane/lib/fastlane/fast_file.rb:159:in `method_missing&apos;&#10;Fastfile:38:in `release&apos;&#10;Fastfile:27:in `block (2 levels) in parsing_binding&apos;&#10;/Users/filippo/.rbenv/versions/3.2.2/lib/ruby/gems/3.2.0/gems/fastlane-2.216.0/fastlane/lib/fastlane/lane.rb:33:in `call&apos;&#10;/Users/filippo/.rbenv/versions/3.2.2/lib/ruby/gems/3.2.0/gems/fastlane-2.216.0/fastlane/lib/fastlane/runner.rb:49:in `block in execute&apos;&#10;/Users/filippo/.rbenv/versions/3.2.2/lib/ruby/gems/3.2.0/gems/fastlane-2.216.0/fastlane/lib/fastlane/runner.rb:45:in `chdir&apos;&#10;/Users/filippo/.rbenv/versions/3.2.2/lib/ruby/gems/3.2.0/gems/fastlane-2.216.0/fastlane/lib/fastlane/runner.rb:45:in `execute&apos;&#10;/Users/filippo/.rbenv/versions/3.2.2/lib/ruby/gems/3.2.0/gems/fastlane-2.216.0/fastlane/lib/fastlane/lane_manager.rb:47:in `cruise_lane&apos;&#10;/Users/filippo/.rbenv/versions/3.2.2/lib/ruby/gems/3.2.0/gems/fastlane-2.216.0/fastlane/lib/fastlane/command_line_handler.rb:36:in `handle&apos;&#10;/Users/filippo/.rbenv/versions/3.2.2/lib/ruby/gems/3.2.0/gems/fastlane-2.216.0/fastlane/lib/fastlane/commands_generator.rb:110:in `block (2 levels) in run&apos;&#10;/Users/filippo/.rbenv/versions/3.2.2/lib/ruby/gems/3.2.0/gems/commander-4.6.0/lib/commander/command.rb:187:in `call&apos;&#10;/Users/filippo/.rbenv/versions/3.2.2/lib/ruby/gems/3.2.0/gems/commander-4.6.0/lib/commander/command.rb:157:in `run&apos;&#10;/Users/filippo/.rbenv/versions/3.2.2/lib/ruby/gems/3.2.0/gems/commander-4.6.0/lib/commander/runner.rb:444:in `run_active_command&apos;&#10;/Users/filippo/.rbenv/versions/3.2.2/lib/ruby/gems/3.2.0/gems/fastlane-2.216.0/fastlane_core/lib/fastlane_core/ui/fastlane_runner.rb:124:in `run!&apos;&#10;/Users/filippo/.rbenv/versions/3.2.2/lib/ruby/gems/3.2.0/gems/commander-4.6.0/lib/commander/delegates.rb:18:in `run!&apos;&#10;/Users/filippo/.rbenv/versions/3.2.2/lib/ruby/gems/3.2.0/gems/fastlane-2.216.0/fastlane/lib/fastlane/commands_generator.rb:354:in `run&apos;&#10;/Users/filippo/.rbenv/versions/3.2.2/lib/ruby/gems/3.2.0/gems/fastlane-2.216.0/fastlane/lib/fastlane/commands_generator.rb:43:in `start&apos;&#10;/Users/filippo/.rbenv/versions/3.2.2/lib/ruby/gems/3.2.0/gems/fastlane-2.216.0/fastlane/lib/fastlane/cli_tools_distributor.rb:123:in `take_off&apos;&#10;/Users/filippo/.rbenv/versions/3.2.2/lib/ruby/gems/3.2.0/gems/fastlane-2.216.0/bin/fastlane:23:in `&lt;top (required)&gt;&apos;&#10;/Users/filippo/.rbenv/versions/3.2.2/bin/fastlane:25:in `load&apos;&#10;/Users/filippo/.rbenv/versions/3.2.2/bin/fastlane:25:in `&lt;main&gt;&apos;&#10;&#10;Exit status of command &apos;pod lib lint&apos; was 1 instead of 0.&#10;&#10; -&gt; KovaleeRemoteConfig -&gt; KovaleeRemoteConfig (1.2.1)&#10;    - ERROR | [iOS] xcodebuild: Returned an unsuccessful exit code. You can use `--verbose` for more information.&#10;    - NOTE  | xcodebuild:  note: Using codesigning identity override: -&#10;    - NOTE  | [iOS] xcodebuild:  note: Building targets in dependency order&#10;    - NOTE  | [iOS] xcodebuild:  note: Target dependency graph (20 targets)&#10;    - NOTE  | [iOS] xcodebuild:  note: Metadata extraction skipped. No AppIntents.framework dependency found. (in target &apos;AnalyticsConnector&apos; from project &apos;Pods&apos;)&#10;    - NOTE  | [iOS] xcodebuild:  note: Metadata extraction skipped. No AppIntents.framework dependency found. (in target &apos;FirebaseCoreInternal&apos; from project &apos;Pods&apos;)&#10;    - NOTE  | [iOS] xcodebuild:  note: Metadata extraction skipped. No AppIntents.framework dependency found. (in target &apos;FirebaseSharedSwift&apos; from project &apos;Pods&apos;)&#10;    - NOTE  | [iOS] xcodebuild:  note: Signing static framework with --generate-pre-encrypt-hashes (in target &apos;FirebaseAnalyticsSwift&apos; from project &apos;Pods&apos;)&#10;    - NOTE  | [iOS] xcodebuild:  note: Metadata extraction skipped. No AppIntents.framework dependency found. (in target &apos;FirebaseRemoteConfig&apos; from project &apos;Pods&apos;)&#10;    - NOTE  | [iOS] xcodebuild:  note: Metadata extraction skipped. No AppIntents.framework dependency found. (in target &apos;FirebaseRemoteConfigSwift&apos; from project &apos;Pods&apos;)&#10;    - NOTE  | [iOS] xcodebuild:  note: Metadata extraction skipped. No AppIntents.framework dependency found. (in target &apos;AmplitudeSwift&apos; from project &apos;Pods&apos;)&#10;    - ERROR | [iOS] xcodebuild:  /Users/filippo/Projects/SDK/KovaleeRemoteConfig/Sources/KovaleeRemoteConfig/KovaleeRemoteConfig.swift:34:25: error: &apos;async&apos; call in a function that does not support concurrency&#10;    - NOTE  | [iOS] xcodebuild:  /Users/filippo/Projects/SDK/KovaleeRemoteConfig/Sources/KovaleeRemoteConfig/KovaleeRemoteConfig.swift:28:21: note: add &apos;async&apos; to function &apos;remoteValue(forKey:)&apos; to make it asynchronous&#10;    - ERROR | [iOS] xcodebuild:  /Users/filippo/Projects/SDK/KovaleeRemoteConfig/Sources/KovaleeRemoteConfig/KovaleeRemoteConfig.swift:64:20: error: &apos;async&apos; call in a function that does not support concurrency&#10;    - NOTE  | [iOS] xcodebuild:  /Users/filippo/Projects/SDK/KovaleeRemoteConfig/Sources/KovaleeRemoteConfig/KovaleeRemoteConfig.swift:63:21: note: add &apos;async&apos; to function &apos;abTestValue()&apos; to make it asynchronous&#10;    - NOTE  | [iOS] xcodebuild:  note: Metadata extraction skipped. No AppIntents.framework dependency found. (in target &apos;KovaleeSDK&apos; from project &apos;Pods&apos;)&#10;    - NOTE  | [iOS] xcodebuild:  Pods.xcodeproj: warning: The iOS Simulator deployment target &apos;IPHONEOS_DEPLOYMENT_TARGET&apos; is set to 10.0, but the range of supported deployment target versions is 12.0 to 17.0.99. (in target &apos;Firebase&apos; from project &apos;Pods&apos;)&#10;    - NOTE  | [iOS] xcodebuild:  Pods.xcodeproj: warning: The iOS Simulator deployment target &apos;IPHONEOS_DEPLOYMENT_TARGET&apos; is set to 9.0, but the range of supported deployment target versions is 12.0 to 17.0.99. (in target &apos;PromisesObjC&apos; from project &apos;Pods&apos;)&#10;    - NOTE  | [iOS] xcodebuild:  Pods.xcodeproj: warning: The iOS Simulator deployment target &apos;IPHONEOS_DEPLOYMENT_TARGET&apos; is set to 9.0, but the range of supported deployment target versions is 12.0 to 17.0.99. (in target &apos;nanopb&apos; from project &apos;Pods&apos;)&#10;    - NOTE  | [iOS] xcodebuild:  Pods.xcodeproj: warning: The iOS Simulator deployment target &apos;IPHONEOS_DEPLOYMENT_TARGET&apos; is set to 9.0, but the range of supported deployment target versions is 12.0 to 17.0.99. (in target &apos;GoogleUtilities&apos; from project &apos;Pods&apos;)&#10;    - NOTE  | [iOS] xcodebuild:  Pods.xcodeproj: warning: The iOS Simulator deployment target &apos;IPHONEOS_DEPLOYMENT_TARGET&apos; is set to 11.0, but the range of supported deployment target versions is 12.0 to 17.0.99. (in target &apos;FirebaseSharedSwift&apos; from project &apos;Pods&apos;)&#10;    - NOTE  | [iOS] xcodebuild:  Pods.xcodeproj: warning: The iOS Simulator deployment target &apos;IPHONEOS_DEPLOYMENT_TARGET&apos; is set to 11.0, but the range of supported deployment target versions is 12.0 to 17.0.99. (in target &apos;FirebaseRemoteConfigSwift&apos; from project &apos;Pods&apos;)&#10;    - NOTE  | [iOS] xcodebuild:  Pods.xcodeproj: warning: The iOS Simulator deployment target &apos;IPHONEOS_DEPLOYMENT_TARGET&apos; is set to 11.0, but the range of supported deployment target versions is 12.0 to 17.0.99. (in target &apos;FirebaseRemoteConfig&apos; from project &apos;Pods&apos;)&#10;    - NOTE  | [iOS] xcodebuild:  Pods.xcodeproj: warning: The iOS Simulator deployment target &apos;IPHONEOS_DEPLOYMENT_TARGET&apos; is set to 10.0, but the range of supported deployment target versions is 12.0 to 17.0.99. (in target &apos;FirebaseInstallations&apos; from project &apos;Pods&apos;)&#10;    - NOTE  | [iOS] xcodebuild:  Pods.xcodeproj: warning: The iOS Simulator deployment target &apos;IPHONEOS_DEPLOYMENT_TARGET&apos; is set to 10.0, but the range of supported deployment target versions is 12.0 to 17.0.99. (in target &apos;FirebaseCoreInternal&apos; from project &apos;Pods&apos;)&#10;    - NOTE  | [iOS] xcodebuild:  Pods.xcodeproj: warning: The iOS Simulator deployment target &apos;IPHONEOS_DEPLOYMENT_TARGET&apos; is set to 10.0, but the range of supported deployment target versions is 12.0 to 17.0.99. (in target &apos;FirebaseCore&apos; from project &apos;Pods&apos;)&#10;    - NOTE  | [iOS] xcodebuild:  Pods.xcodeproj: warning: The iOS Simulator deployment target &apos;IPHONEOS_DEPLOYMENT_TARGET&apos; is set to 11.0, but the range of supported deployment target versions is 12.0 to 17.0.99. (in target &apos;FirebaseABTesting&apos; from project &apos;Pods&apos;)&#10;    - NOTE  | [iOS] xcodebuild:  Pods.xcodeproj: warning: The iOS Simulator deployment target &apos;IPHONEOS_DEPLOYMENT_TARGET&apos; is set to 10.0, but the range of supported deployment target versions is 12.0 to 17.0.99. (in target &apos;AnalyticsConnector&apos; from project &apos;Pods&apos;)&#10;    - NOTE  | [iOS] xcodebuild:  Pods.xcodeproj: warning: The iOS Simulator deployment target &apos;IPHONEOS_DEPLOYMENT_TARGET&apos; is set to 10.0, but the range of supported deployment target versions is 12.0 to 17.0.99. (in target &apos;GoogleAppMeasurement&apos; from project &apos;Pods&apos;)&#10;    - NOTE  | [iOS] xcodebuild:  Pods.xcodeproj: warning: The iOS Simulator deployment target &apos;IPHONEOS_DEPLOYMENT_TARGET&apos; is set to 10.0, but the range of supported deployment target versions is 12.0 to 17.0.99. (in target &apos;FirebaseAnalytics&apos; from project &apos;Pods&apos;)&#10;&#10;[!] KovaleeRemoteConfig did not pass validation, due to 3 errors.&#10;You can use the `--no-clean` option to inspect any issue.&#10;" />
        
      </testcase>
    
  </testsuite>
</testsuites>
